<?xml version="1.0" encoding="UTF-8"?>
<!-- Generated by org.testng.reporters.JUnitReportReporter -->
<testsuite hostname="DESKTOP-TO5HMTO" failures="0" tests="5" name="cucumber.Options.TestRunner" time="5.778" errors="0" timestamp="2024-06-19T18:45:49 EEST" skipped="0">
  <testcase classname="cucumber.Options.TestRunner" name="runScenario" time="0.727"/>
  <testcase classname="cucumber.Options.TestRunner" name="runScenario" time="0.740"/>
  <testcase classname="cucumber.Options.TestRunner" name="runScenario" time="0.874"/>
  <testcase classname="cucumber.Options.TestRunner" name="runScenario" time="2.047"/>
  <testcase classname="cucumber.Options.TestRunner" name="runScenario" time="1.390"/>
</testsuite> <!-- cucumber.Options.TestRunner -->
