<?xml version="1.0" encoding="UTF-8"?>
<!-- Generated by org.testng.reporters.JUnitReportReporter -->
<testsuite hostname="DESKTOP-TO5HMTO" failures="0" tests="5" name="restassured.RestfulAPI" time="4.689" errors="0" timestamp="2024-06-19T18:04:52 EEST" skipped="0">
  <testcase classname="restassured.RestfulAPI" name="createToken" time="1.583"/>
  <testcase classname="restassured.RestfulAPI" name="createBooking" time="0.860"/>
  <testcase classname="restassured.RestfulAPI" name="VerifyAddedBookingID" time="0.801"/>
  <testcase classname="restassured.RestfulAPI" name="partialUpdate" time="0.760"/>
  <testcase classname="restassured.RestfulAPI" name="deleteBooking" time="0.685"/>
</testsuite> <!-- restassured.RestfulAPI -->
