<?xml version="1.0" encoding="UTF-8"?>
<!-- Generated by org.testng.reporters.JUnitReportReporter -->
<testsuite hostname="DESKTOP-TO5HMTO" failures="0" tests="5" name="cucumber.Options.TestRunner" time="6.087" errors="0" timestamp="2024-06-19T19:03:59 EEST" skipped="0">
  <testcase classname="cucumber.Options.TestRunner" name="runScenario" time="0.738"/>
  <testcase classname="cucumber.Options.TestRunner" name="runScenario" time="0.917"/>
  <testcase classname="cucumber.Options.TestRunner" name="runScenario" time="1.370"/>
  <testcase classname="cucumber.Options.TestRunner" name="runScenario" time="0.739"/>
  <testcase classname="cucumber.Options.TestRunner" name="runScenario" time="2.323"/>
</testsuite> <!-- cucumber.Options.TestRunner -->
